Username:  chus
Date:      Sat Apr 22 17:34:06 EDT 2017
 
--- Running first file ---
 

Program to number lines in a file.
You will enter the name of a file.
The program will create an output file.
Written by Simon Chu.

Enter name of input file:   
The name of output file is: lines1data.out

Number of lines:            5
Number of A's:              9
Number of B's:              5
Number of C's:              1
Number of D's:              5
Number of E's:             14
Number of F's:              0
Number of G's:              5
Number of H's:              6
Number of I's:              8
Number of J's:              0
Number of K's:              0
Number of L's:              9
Number of M's:              5
Number of N's:              4
Number of O's:              7
Number of P's:              0
Number of Q's:              0
Number of R's:              8
Number of S's:              7
Number of T's:              9
Number of U's:              1
Number of V's:              2
Number of W's:              4
Number of X's:              0
Number of Y's:              3
Number of Z's:              0

--- output file 1 is ---
 
   1:    'Twas brillig, and the slithy toves
   2:       Did gyre and gimble in the wabe;
   3:    All mimsy were the borogoves,
   4:       And the mome raths outgrabe.
   5:                            - Lewis Carroll
--- Running Numlines ---
 

Program to number lines in a file.
You will enter the name of a file.
The program will create an output file.
Written by Simon Chu.

Enter name of input file:   
The name of output file is: lines2data.out

Number of lines:           20
Number of A's:            102
Number of B's:             14
Number of C's:             31
Number of D's:             58
Number of E's:            165
Number of F's:             27
Number of G's:             28
Number of H's:             80
Number of I's:             68
Number of J's:              0
Number of K's:              3
Number of L's:             42
Number of M's:             13
Number of N's:             77
Number of O's:             93
Number of P's:             16
Number of Q's:              1
Number of R's:             79
Number of S's:             44
Number of T's:            126
Number of U's:             22
Number of V's:             24
Number of W's:             28
Number of X's:              0
Number of Y's:             10
Number of Z's:              0

--- output file 2 is ---
 
   1: Four score and seven years ago, our fathers brought forth upon this continent, a
   2: new nation, conceived in liberty, and dedicated to the proposition that all men
   3: are created equal.
   4: 
   5: Now we are engaged in a great civil war, testing whether that nation, or any
   6: nation so conceived and so dedicated, can long endure. We are met on a great
   7: battlefield of that war. We have come to dedicate a portion of that field, as a
   8: final resting place for those who here gave their lives that that nation might
   9: live. It is altogether fitting and proper that we should do this.
   10: 
   11: But, in a larger sense, we cannot dedicate -- we cannot consecrate -- we cannot
   12: hallow -- this ground. The brave men, living and dead, who struggled here, have
   13: consecrated it, far above our poor power to add or detract. The world will
   14: little note, nor long remember what we say here, but it can never forget what
   15: they did here. It is for us the living, rather, to be dedicated here to the
   16: unfinished work which they who fought here have thus far so nobly advanced. It
   17: is rather for us to be here dedicated to the great task remaining before us --
   18: that from these honored dead we take increased devotion to that cause for which
   19: they gave the last full measure of devotion -- that we here highly resolve that
   20: these dead shall not have died in vain -- that this nation, under God, shall
 
